<?xml version="1.0" encoding="UTF-8"?>
<coverage generated="1776878003">
  <project timestamp="1776878003" name="Clover Coverage">
    <package name="SchenkeIo\LaravelAuthRouter\Auth">
      <file name="/home/srv/packages/schenke-io/laravel-auth-router/src/Auth/AuthRouter.php">
        <class name="SchenkeIo\LaravelAuthRouter\Auth\AuthRouter" namespace="SchenkeIo\LaravelAuthRouter\Auth">
          <metrics complexity="6" methods="5" coveredmethods="5" conditionals="0" coveredconditionals="0" statements="6" coveredstatements="6" elements="11" coveredelements="11"/>
        </class>
        <line num="15" type="method" name="addProvider" visibility="public" complexity="1" crap="1" count="172"/>
        <line num="17" type="stmt" count="172"/>
        <line num="20" type="method" name="addProviders" visibility="public" complexity="2" crap="2" count="172"/>
        <line num="22" type="stmt" count="172"/>
        <line num="23" type="stmt" count="172"/>
        <line num="27" type="method" name="addLogin" visibility="public" complexity="1" crap="1" count="172"/>
        <line num="29" type="stmt" count="172"/>
        <line num="36" type="method" name="addLogout" visibility="public" complexity="1" crap="1" count="172"/>
        <line num="38" type="stmt" count="172"/>
        <line num="41" type="method" name="addPayloadRoutes" visibility="public" complexity="1" crap="1" count="172"/>
        <line num="43" type="stmt" count="172"/>
        <metrics loc="46" ncloc="39" classes="1" methods="5" coveredmethods="5" conditionals="0" coveredconditionals="0" statements="6" coveredstatements="6" elements="11" coveredelements="11"/>
      </file>
      <file name="/home/srv/packages/schenke-io/laravel-auth-router/src/Auth/AuthRouterBuilder.php">
        <class name="SchenkeIo\LaravelAuthRouter\Auth\AuthRouterBuilder" namespace="SchenkeIo\LaravelAuthRouter\Auth">
          <metrics complexity="15" methods="13" coveredmethods="13" conditionals="0" coveredconditionals="0" statements="45" coveredstatements="45" elements="58" coveredelements="58"/>
        </class>
        <line num="80" type="method" name="__construct" visibility="public" complexity="1" crap="1" count="172"/>
        <line num="88" type="method" name="success" visibility="public" complexity="1" crap="1" count="172"/>
        <line num="90" type="stmt" count="172"/>
        <line num="92" type="stmt" count="172"/>
        <line num="101" type="method" name="error" visibility="public" complexity="1" crap="1" count="172"/>
        <line num="103" type="stmt" count="172"/>
        <line num="105" type="stmt" count="172"/>
        <line num="114" type="method" name="home" visibility="public" complexity="1" crap="1" count="172"/>
        <line num="116" type="stmt" count="172"/>
        <line num="118" type="stmt" count="172"/>
        <line num="127" type="method" name="canAddUsers" visibility="public" complexity="1" crap="1" count="1"/>
        <line num="129" type="stmt" count="1"/>
        <line num="131" type="stmt" count="1"/>
        <line num="140" type="method" name="rememberMe" visibility="public" complexity="1" crap="1" count="1"/>
        <line num="142" type="stmt" count="1"/>
        <line num="144" type="stmt" count="1"/>
        <line num="153" type="method" name="prefix" visibility="public" complexity="1" crap="1" count="172"/>
        <line num="155" type="stmt" count="172"/>
        <line num="157" type="stmt" count="172"/>
        <line num="166" type="method" name="name" visibility="public" complexity="1" crap="1" count="2"/>
        <line num="168" type="stmt" count="2"/>
        <line num="170" type="stmt" count="2"/>
        <line num="179" type="method" name="emailConfirm" visibility="public" complexity="1" crap="1" count="1"/>
        <line num="181" type="stmt" count="1"/>
        <line num="183" type="stmt" count="1"/>
        <line num="192" type="method" name="middleware" visibility="public" complexity="1" crap="1" count="3"/>
        <line num="194" type="stmt" count="3"/>
        <line num="196" type="stmt" count="3"/>
        <line num="205" type="method" name="showPayload" visibility="public" complexity="1" crap="1" count="8"/>
        <line num="207" type="stmt" count="8"/>
        <line num="209" type="stmt" count="8"/>
        <line num="218" type="method" name="register" visibility="public" complexity="2" crap="2" count="172"/>
        <line num="220" type="stmt" count="172"/>
        <line num="221" type="stmt" count="1"/>
        <line num="223" type="stmt" count="172"/>
        <line num="225" type="stmt" count="172"/>
        <line num="226" type="stmt" count="172"/>
        <line num="227" type="stmt" count="172"/>
        <line num="228" type="stmt" count="172"/>
        <line num="229" type="stmt" count="172"/>
        <line num="230" type="stmt" count="172"/>
        <line num="231" type="stmt" count="172"/>
        <line num="232" type="stmt" count="172"/>
        <line num="233" type="stmt" count="172"/>
        <line num="234" type="stmt" count="172"/>
        <line num="235" type="stmt" count="172"/>
        <line num="236" type="stmt" count="172"/>
        <line num="237" type="stmt" count="172"/>
        <line num="238" type="stmt" count="172"/>
        <line num="240" type="stmt" count="172"/>
        <line num="242" type="stmt" count="172"/>
        <line num="244" type="stmt" count="172"/>
        <line num="246" type="stmt" count="172"/>
        <line num="248" type="stmt" count="172"/>
        <line num="258" type="method" name="__destruct" visibility="public" complexity="2" crap="2" count="172"/>
        <line num="260" type="stmt" count="172"/>
        <line num="261" type="stmt" count="172"/>
        <metrics loc="265" ncloc="141" classes="1" methods="13" coveredmethods="13" conditionals="0" coveredconditionals="0" statements="45" coveredstatements="45" elements="58" coveredelements="58"/>
      </file>
      <file name="/home/srv/packages/schenke-io/laravel-auth-router/src/Auth/BaseProvider.php">
        <class name="SchenkeIo\LaravelAuthRouter\Auth\BaseProvider" namespace="SchenkeIo\LaravelAuthRouter\Auth">
          <metrics complexity="16" methods="6" coveredmethods="6" conditionals="0" coveredconditionals="0" statements="48" coveredstatements="48" elements="54" coveredelements="54"/>
        </class>
        <line num="38" type="method" name="__construct" visibility="public" complexity="11" crap="11" count="172"/>
        <line num="40" type="stmt" count="172"/>
        <line num="41" type="stmt" count="1"/>
        <line num="43" type="stmt" count="172"/>
        <line num="44" type="stmt" count="172"/>
        <line num="46" type="stmt" count="172"/>
        <line num="47" type="stmt" count="172"/>
        <line num="48" type="stmt" count="172"/>
        <line num="49" type="stmt" count="172"/>
        <line num="50" type="stmt" count="172"/>
        <line num="51" type="stmt" count="172"/>
        <line num="52" type="stmt" count="172"/>
        <line num="53" type="stmt" count="172"/>
        <line num="54" type="stmt" count="172"/>
        <line num="55" type="stmt" count="172"/>
        <line num="56" type="stmt" count="172"/>
        <line num="57" type="stmt" count="1"/>
        <line num="58" type="stmt" count="1"/>
        <line num="59" type="stmt" count="1"/>
        <line num="61" type="stmt" count="172"/>
        <line num="62" type="stmt" count="172"/>
        <line num="63" type="stmt" count="172"/>
        <line num="64" type="stmt" count="172"/>
        <line num="65" type="stmt" count="1"/>
        <line num="67" type="stmt" count="172"/>
        <line num="71" type="stmt" count="172"/>
        <line num="74" type="stmt" count="172"/>
        <line num="94" type="method" name="registerRoutes" visibility="public" complexity="1" crap="1" count="172"/>
        <line num="96" type="stmt" count="172"/>
        <line num="97" type="stmt" count="172"/>
        <line num="99" type="stmt" count="172"/>
        <line num="100" type="stmt" count="172"/>
        <line num="103" type="stmt" count="172"/>
        <line num="105" type="stmt" count="172"/>
        <line num="107" type="stmt" count="172"/>
        <line num="108" type="stmt" count="172"/>
        <line num="109" type="stmt" count="172"/>
        <line num="110" type="stmt" count="172"/>
        <line num="112" type="stmt" count="172"/>
        <line num="113" type="stmt" count="172"/>
        <line num="114" type="stmt" count="172"/>
        <line num="116" type="stmt" count="172"/>
        <line num="117" type="stmt" count="172"/>
        <line num="118" type="stmt" count="172"/>
        <line num="119" type="stmt" count="172"/>
        <line num="127" type="method" name="getAction" visibility="public" complexity="1" crap="1" count="1"/>
        <line num="129" type="stmt" count="1"/>
        <line num="137" type="method" name="addError" visibility="public" complexity="1" crap="1" count="172"/>
        <line num="139" type="stmt" count="172"/>
        <line num="140" type="stmt" count="172"/>
        <line num="146" type="method" name="errors" visibility="public" complexity="1" crap="1" count="19"/>
        <line num="148" type="stmt" count="19"/>
        <line num="151" type="method" name="valid" visibility="public" complexity="1" crap="1" count="172"/>
        <line num="153" type="stmt" count="172"/>
        <metrics loc="156" ncloc="124" classes="1" methods="6" coveredmethods="6" conditionals="0" coveredconditionals="0" statements="48" coveredstatements="48" elements="54" coveredelements="54"/>
      </file>
      <file name="/home/srv/packages/schenke-io/laravel-auth-router/src/Auth/Error.php">
        <class name="SchenkeIo\LaravelAuthRouter\Auth\Error" namespace="SchenkeIo\LaravelAuthRouter\Auth">
          <metrics complexity="7" methods="3" coveredmethods="3" conditionals="0" coveredconditionals="0" statements="13" coveredstatements="13" elements="16" coveredelements="16"/>
        </class>
        <line num="31" type="method" name="redirect" visibility="public" complexity="1" crap="1" count="16"/>
        <line num="33" type="stmt" count="16"/>
        <line num="34" type="stmt" count="16"/>
        <line num="35" type="stmt" count="16"/>
        <line num="36" type="stmt" count="16"/>
        <line num="37" type="stmt" count="16"/>
        <line num="43" type="method" name="trans" visibility="public" complexity="2" crap="2" count="172"/>
        <line num="45" type="stmt" count="172"/>
        <line num="46" type="stmt" count="172"/>
        <line num="49" type="stmt" count="172"/>
        <line num="55" type="method" name="parameterKeys" visibility="public" complexity="4" crap="4" count="1"/>
        <line num="57" type="stmt" count="1"/>
        <line num="58" type="stmt" count="1"/>
        <line num="59" type="stmt" count="1"/>
        <line num="60" type="stmt" count="1"/>
        <line num="61" type="stmt" count="1"/>
        <metrics loc="65" ncloc="53" classes="1" methods="3" coveredmethods="3" conditionals="0" coveredconditionals="0" statements="13" coveredstatements="13" elements="16" coveredelements="16"/>
      </file>
      <file name="/home/srv/packages/schenke-io/laravel-auth-router/src/Auth/RouteRegistrar.php">
        <class name="SchenkeIo\LaravelAuthRouter\Auth\RouteRegistrar" namespace="SchenkeIo\LaravelAuthRouter\Auth">
          <metrics complexity="14" methods="4" coveredmethods="4" conditionals="0" coveredconditionals="0" statements="56" coveredstatements="56" elements="60" coveredelements="60"/>
        </class>
        <line num="30" type="method" name="registerProviderRoutes" visibility="public" complexity="2" crap="2" count="172"/>
        <line num="32" type="stmt" count="172"/>
        <line num="33" type="stmt" count="172"/>
        <line num="36" type="stmt" count="172"/>
        <line num="38" type="stmt" count="172"/>
        <line num="51" type="method" name="registerLoginRoute" visibility="public" complexity="4" crap="4" count="172"/>
        <line num="53" type="stmt" count="172"/>
        <line num="54" type="stmt" count="172"/>
        <line num="55" type="stmt" count="172"/>
        <line num="57" type="stmt" count="172"/>
        <line num="59" type="stmt" count="172"/>
        <line num="60" type="stmt" count="172"/>
        <line num="61" type="stmt" count="172"/>
        <line num="64" type="stmt" count="172"/>
        <line num="65" type="stmt" count="172"/>
        <line num="66" type="stmt" count="172"/>
        <line num="67" type="stmt" count="172"/>
        <line num="68" type="stmt" count="172"/>
        <line num="69" type="stmt" count="172"/>
        <line num="70" type="stmt" count="172"/>
        <line num="82" type="method" name="registerLogoutRoute" visibility="public" complexity="1" crap="1" count="172"/>
        <line num="84" type="stmt" count="172"/>
        <line num="85" type="stmt" count="172"/>
        <line num="87" type="stmt" count="172"/>
        <line num="88" type="stmt" count="2"/>
        <line num="89" type="stmt" count="2"/>
        <line num="90" type="stmt" count="2"/>
        <line num="92" type="stmt" count="2"/>
        <line num="93" type="stmt" count="172"/>
        <line num="94" type="stmt" count="172"/>
        <line num="95" type="stmt" count="172"/>
        <line num="103" type="method" name="registerPayloadRoutes" visibility="public" complexity="7" crap="7" count="172"/>
        <line num="105" type="stmt" count="172"/>
        <line num="106" type="stmt" count="172"/>
        <line num="107" type="stmt" count="172"/>
        <line num="109" type="stmt" count="172"/>
        <line num="110" type="stmt" count="3"/>
        <line num="111" type="stmt" count="1"/>
        <line num="113" type="stmt" count="2"/>
        <line num="114" type="stmt" count="2"/>
        <line num="115" type="stmt" count="1"/>
        <line num="118" type="stmt" count="1"/>
        <line num="119" type="stmt" count="1"/>
        <line num="120" type="stmt" count="1"/>
        <line num="121" type="stmt" count="1"/>
        <line num="122" type="stmt" count="1"/>
        <line num="123" type="stmt" count="172"/>
        <line num="124" type="stmt" count="172"/>
        <line num="125" type="stmt" count="172"/>
        <line num="127" type="stmt" count="172"/>
        <line num="128" type="stmt" count="4"/>
        <line num="129" type="stmt" count="1"/>
        <line num="131" type="stmt" count="3"/>
        <line num="132" type="stmt" count="3"/>
        <line num="133" type="stmt" count="1"/>
        <line num="137" type="stmt" count="2"/>
        <line num="139" type="stmt" count="2"/>
        <line num="140" type="stmt" count="172"/>
        <line num="141" type="stmt" count="172"/>
        <line num="142" type="stmt" count="172"/>
        <metrics loc="145" ncloc="103" classes="1" methods="4" coveredmethods="4" conditionals="0" coveredconditionals="0" statements="56" coveredstatements="56" elements="60" coveredelements="60"/>
      </file>
      <file name="/home/srv/packages/schenke-io/laravel-auth-router/src/Auth/Service.php">
        <class name="SchenkeIo\LaravelAuthRouter\Auth\Service" namespace="SchenkeIo\LaravelAuthRouter\Auth">
          <metrics complexity="4" methods="2" coveredmethods="2" conditionals="0" coveredconditionals="0" statements="9" coveredstatements="9" elements="11" coveredelements="11"/>
        </class>
        <line num="40" type="method" name="get" visibility="public" complexity="3" crap="3" count="172"/>
        <line num="42" type="stmt" count="172"/>
        <line num="43" type="stmt" count="172"/>
        <line num="44" type="stmt" count="1"/>
        <line num="45" type="stmt" count="1"/>
        <line num="46" type="stmt" count="1"/>
        <line num="49" type="stmt" count="172"/>
        <line num="51" type="stmt" count="172"/>
        <line num="59" type="method" name="provider" visibility="public" complexity="1" crap="1" count="172"/>
        <line num="61" type="stmt" count="172"/>
        <line num="63" type="stmt" count="172"/>
        <metrics loc="66" ncloc="46" classes="1" methods="2" coveredmethods="2" conditionals="0" coveredconditionals="0" statements="9" coveredstatements="9" elements="11" coveredelements="11"/>
      </file>
      <file name="/home/srv/packages/schenke-io/laravel-auth-router/src/Auth/Validator.php">
        <class name="SchenkeIo\LaravelAuthRouter\Auth\Validator" namespace="SchenkeIo\LaravelAuthRouter\Auth">
          <metrics complexity="3" methods="2" coveredmethods="2" conditionals="0" coveredconditionals="0" statements="16" coveredstatements="16" elements="18" coveredelements="18"/>
        </class>
        <line num="13" type="method" name="validatePassword" visibility="public" complexity="2" crap="2" count="1"/>
        <line num="15" type="stmt" count="1"/>
        <line num="16" type="stmt" count="1"/>
        <line num="17" type="stmt" count="1"/>
        <line num="18" type="stmt" count="1"/>
        <line num="19" type="stmt" count="1"/>
        <line num="20" type="stmt" count="1"/>
        <line num="21" type="stmt" count="1"/>
        <line num="22" type="stmt" count="1"/>
        <line num="23" type="stmt" count="1"/>
        <line num="24" type="stmt" count="1"/>
        <line num="25" type="stmt" count="1"/>
        <line num="26" type="stmt" count="1"/>
        <line num="28" type="stmt" count="1"/>
        <line num="29" type="stmt" count="1"/>
        <line num="32" type="stmt" count="1"/>
        <line num="35" type="method" name="isValidPassword" visibility="public" complexity="1" crap="1" count="1"/>
        <line num="37" type="stmt" count="1"/>
        <metrics loc="40" ncloc="37" classes="1" methods="2" coveredmethods="2" conditionals="0" coveredconditionals="0" statements="16" coveredstatements="16" elements="18" coveredelements="18"/>
      </file>
    </package>
    <package name="SchenkeIo\LaravelAuthRouter">
      <file name="/home/srv/packages/schenke-io/laravel-auth-router/src/AuthRouterServiceProvider.php">
        <class name="SchenkeIo\LaravelAuthRouter\AuthRouterServiceProvider" namespace="SchenkeIo\LaravelAuthRouter">
          <metrics complexity="6" methods="3" coveredmethods="3" conditionals="0" coveredconditionals="0" statements="31" coveredstatements="31" elements="34" coveredelements="34"/>
        </class>
        <line num="24" type="method" name="configurePackage" visibility="public" complexity="1" crap="1" count="172"/>
        <line num="26" type="stmt" count="172"/>
        <line num="27" type="stmt" count="172"/>
        <line num="28" type="stmt" count="172"/>
        <line num="34" type="method" name="boot" visibility="public" complexity="4" crap="4" count="172"/>
        <line num="36" type="stmt" count="172"/>
        <line num="37" type="stmt" count="172"/>
        <line num="38" type="stmt" count="172"/>
        <line num="40" type="stmt" count="172"/>
        <line num="45" type="stmt" count="2"/>
        <line num="46" type="stmt" count="2"/>
        <line num="47" type="stmt" count="2"/>
        <line num="48" type="stmt" count="2"/>
        <line num="49" type="stmt" count="1"/>
        <line num="50" type="stmt" count="1"/>
        <line num="51" type="stmt" count="1"/>
        <line num="52" type="stmt" count="1"/>
        <line num="53" type="stmt" count="1"/>
        <line num="56" type="stmt" count="2"/>
        <line num="57" type="stmt" count="2"/>
        <line num="58" type="stmt" count="2"/>
        <line num="59" type="stmt" count="2"/>
        <line num="60" type="stmt" count="2"/>
        <line num="61" type="stmt" count="2"/>
        <line num="62" type="stmt" count="2"/>
        <line num="63" type="stmt" count="1"/>
        <line num="65" type="stmt" count="1"/>
        <line num="66" type="stmt" count="2"/>
        <line num="68" type="stmt" count="172"/>
        <line num="71" type="stmt" count="172"/>
        <line num="73" type="stmt" count="172"/>
        <line num="82" type="method" name="register" visibility="public" complexity="1" crap="1" count="172"/>
        <line num="84" type="stmt" count="172"/>
        <line num="86" type="stmt" count="172"/>
        <metrics loc="89" ncloc="72" classes="1" methods="3" coveredmethods="3" conditionals="0" coveredconditionals="0" statements="31" coveredstatements="31" elements="34" coveredelements="34"/>
      </file>
    </package>
    <file name="/home/srv/packages/schenke-io/laravel-auth-router/src/Contracts/Auth0ServiceContract.php">
      <metrics loc="34" ncloc="17" classes="0" methods="0" coveredmethods="0" conditionals="0" coveredconditionals="0" statements="0" coveredstatements="0" elements="0" coveredelements="0"/>
    </file>
    <file name="/home/srv/packages/schenke-io/laravel-auth-router/src/Contracts/AuthenticatableRouterUser.php">
      <metrics loc="20" ncloc="17" classes="0" methods="0" coveredmethods="0" conditionals="0" coveredconditionals="0" statements="0" coveredstatements="0" elements="0" coveredelements="0"/>
    </file>
    <file name="/home/srv/packages/schenke-io/laravel-auth-router/src/Contracts/EmailConfirmInterface.php">
      <metrics loc="19" ncloc="13" classes="0" methods="0" coveredmethods="0" conditionals="0" coveredconditionals="0" statements="0" coveredstatements="0" elements="0" coveredelements="0"/>
    </file>
    <file name="/home/srv/packages/schenke-io/laravel-auth-router/src/Contracts/PasskeyMailerInterface.php">
      <metrics loc="11" ncloc="11" classes="0" methods="0" coveredmethods="0" conditionals="0" coveredconditionals="0" statements="0" coveredstatements="0" elements="0" coveredelements="0"/>
    </file>
    <package name="SchenkeIo\LaravelAuthRouter\Data">
      <file name="/home/srv/packages/schenke-io/laravel-auth-router/src/Data/EmailConfirmData.php">
        <class name="SchenkeIo\LaravelAuthRouter\Data\EmailConfirmData" namespace="SchenkeIo\LaravelAuthRouter\Data">
          <metrics complexity="4" methods="4" coveredmethods="4" conditionals="0" coveredconditionals="0" statements="10" coveredstatements="10" elements="14" coveredelements="14"/>
        </class>
        <line num="13" type="method" name="__construct" visibility="public" complexity="1" crap="1" count="1"/>
        <line num="19" type="stmt" count="1"/>
        <line num="21" type="method" name="getEmail" visibility="public" complexity="1" crap="1" count="1"/>
        <line num="23" type="stmt" count="1"/>
        <line num="26" type="method" name="getToken" visibility="public" complexity="1" crap="1" count="1"/>
        <line num="28" type="stmt" count="1"/>
        <line num="34" type="method" name="getData" visibility="public" complexity="1" crap="1" count="1"/>
        <line num="36" type="stmt" count="1"/>
        <line num="37" type="stmt" count="1"/>
        <line num="38" type="stmt" count="1"/>
        <line num="39" type="stmt" count="1"/>
        <line num="40" type="stmt" count="1"/>
        <line num="41" type="stmt" count="1"/>
        <line num="42" type="stmt" count="1"/>
        <metrics loc="45" ncloc="39" classes="1" methods="4" coveredmethods="4" conditionals="0" coveredconditionals="0" statements="10" coveredstatements="10" elements="14" coveredelements="14"/>
      </file>
      <file name="/home/srv/packages/schenke-io/laravel-auth-router/src/Data/ProviderCollection.php">
        <class name="SchenkeIo\LaravelAuthRouter\Data\ProviderCollection" namespace="SchenkeIo\LaravelAuthRouter\Data">
          <metrics complexity="11" methods="4" coveredmethods="4" conditionals="0" coveredconditionals="0" statements="21" coveredstatements="21" elements="25" coveredelements="25"/>
        </class>
        <line num="21" type="method" name="fromTextArray" visibility="public" complexity="3" crap="3" count="172"/>
        <line num="23" type="stmt" count="172"/>
        <line num="24" type="stmt" count="172"/>
        <line num="26" type="stmt" count="172"/>
        <line num="27" type="stmt" count="172"/>
        <line num="30" type="stmt" count="172"/>
        <line num="33" type="method" name="createProviderFromText" visibility="private" complexity="5" crap="5" count="172"/>
        <line num="35" type="stmt" count="172"/>
        <line num="36" type="stmt" count="6"/>
        <line num="38" type="stmt" count="172"/>
        <line num="39" type="stmt" count="2"/>
        <line num="41" type="stmt" count="172"/>
        <line num="42" type="stmt" count="172"/>
        <line num="43" type="stmt" count="172"/>
        <line num="46" type="stmt" count="172"/>
        <line num="47" type="stmt" count="172"/>
        <line num="49" type="stmt" count="172"/>
        <line num="52" type="method" name="sortProviders" visibility="private" complexity="2" crap="2" count="172"/>
        <line num="54" type="stmt" count="172"/>
        <line num="55" type="stmt" count="172"/>
        <line num="56" type="stmt" count="172"/>
        <line num="59" type="stmt" count="172"/>
        <line num="60" type="stmt" count="172"/>
        <line num="63" type="method" name="first" visibility="public" complexity="1" crap="1" count="172"/>
        <line num="65" type="stmt" count="172"/>
        <metrics loc="68" ncloc="59" classes="1" methods="4" coveredmethods="4" conditionals="0" coveredconditionals="0" statements="21" coveredstatements="21" elements="25" coveredelements="25"/>
      </file>
      <file name="/home/srv/packages/schenke-io/laravel-auth-router/src/Data/RouterData.php">
        <class name="SchenkeIo\LaravelAuthRouter\Data\RouterData" namespace="SchenkeIo\LaravelAuthRouter\Data">
          <metrics complexity="5" methods="3" coveredmethods="3" conditionals="0" coveredconditionals="0" statements="4" coveredstatements="4" elements="7" coveredelements="7"/>
        </class>
        <line num="16" type="method" name="__construct" visibility="public" complexity="1" crap="1" count="172"/>
        <line num="27" type="stmt" count="172"/>
        <line num="29" type="method" name="getRoutePrefix" visibility="public" complexity="2" crap="2" count="172"/>
        <line num="31" type="stmt" count="172"/>
        <line num="33" type="stmt" count="172"/>
        <line num="36" type="method" name="getUriPrefix" visibility="public" complexity="2" crap="2" count="172"/>
        <line num="38" type="stmt" count="172"/>
        <metrics loc="41" ncloc="35" classes="1" methods="3" coveredmethods="3" conditionals="0" coveredconditionals="0" statements="4" coveredstatements="4" elements="7" coveredelements="7"/>
      </file>
      <file name="/home/srv/packages/schenke-io/laravel-auth-router/src/Data/UserData.php">
        <class name="SchenkeIo\LaravelAuthRouter\Data\UserData" namespace="SchenkeIo\LaravelAuthRouter\Data">
          <metrics complexity="19" methods="5" coveredmethods="5" conditionals="0" coveredconditionals="0" statements="59" coveredstatements="59" elements="64" coveredelements="64"/>
        </class>
        <line num="36" type="method" name="__construct" visibility="public" complexity="1" crap="1" count="28"/>
        <line num="41" type="stmt" count="28"/>
        <line num="43" type="method" name="fromUser" visibility="public" complexity="1" crap="1" count="7"/>
        <line num="45" type="stmt" count="7"/>
        <line num="46" type="stmt" count="7"/>
        <line num="47" type="stmt" count="7"/>
        <line num="48" type="stmt" count="7"/>
        <line num="49" type="stmt" count="7"/>
        <line num="50" type="stmt" count="7"/>
        <line num="56" type="method" name="fromAuth0" visibility="public" complexity="1" crap="1" count="2"/>
        <line num="58" type="stmt" count="2"/>
        <line num="59" type="stmt" count="2"/>
        <line num="60" type="stmt" count="2"/>
        <line num="61" type="stmt" count="2"/>
        <line num="62" type="stmt" count="2"/>
        <line num="63" type="stmt" count="2"/>
        <line num="66" type="method" name="fromWorkOs" visibility="public" complexity="1" crap="1" count="1"/>
        <line num="68" type="stmt" count="1"/>
        <line num="69" type="stmt" count="1"/>
        <line num="70" type="stmt" count="1"/>
        <line num="71" type="stmt" count="1"/>
        <line num="72" type="stmt" count="1"/>
        <line num="73" type="stmt" count="1"/>
        <line num="76" type="method" name="authAndRedirect" visibility="public" complexity="15" crap="15" count="23"/>
        <line num="79" type="stmt" count="23"/>
        <line num="80" type="stmt" count="1"/>
        <line num="83" type="stmt" count="22"/>
        <line num="84" type="stmt" count="1"/>
        <line num="87" type="stmt" count="21"/>
        <line num="88" type="stmt" count="1"/>
        <line num="90" type="stmt" count="1"/>
        <line num="98" type="stmt" count="20"/>
        <line num="101" type="stmt" count="20"/>
        <line num="103" type="stmt" count="20"/>
        <line num="105" type="stmt" count="17"/>
        <line num="106" type="stmt" count="17"/>
        <line num="108" type="stmt" count="3"/>
        <line num="111" type="stmt" count="20"/>
        <line num="112" type="stmt" count="4"/>
        <line num="113" type="stmt" count="3"/>
        <line num="114" type="stmt" count="3"/>
        <line num="115" type="stmt" count="3"/>
        <line num="116" type="stmt" count="3"/>
        <line num="120" type="stmt" count="1"/>
        <line num="121" type="stmt" count="1"/>
        <line num="122" type="stmt" count="1"/>
        <line num="124" type="stmt" count="1"/>
        <line num="128" type="stmt" count="17"/>
        <line num="129" type="stmt" count="16"/>
        <line num="130" type="stmt" count="16"/>
        <line num="131" type="stmt" count="14"/>
        <line num="132" type="stmt" count="14"/>
        <line num="133" type="stmt" count="14"/>
        <line num="134" type="stmt" count="11"/>
        <line num="138" type="stmt" count="2"/>
        <line num="140" type="stmt" count="2"/>
        <line num="141" type="stmt" count="2"/>
        <line num="143" type="stmt" count="1"/>
        <line num="147" type="stmt" count="1"/>
        <line num="150" type="stmt" count="19"/>
        <line num="153" type="stmt" count="19"/>
        <line num="155" type="stmt" count="19"/>
        <line num="156" type="stmt" count="1"/>
        <line num="158" type="stmt" count="18"/>
        <metrics loc="162" ncloc="125" classes="1" methods="5" coveredmethods="5" conditionals="0" coveredconditionals="0" statements="59" coveredstatements="59" elements="64" coveredelements="64"/>
      </file>
    </package>
    <package name="SchenkeIo\LaravelAuthRouter\LoginProviders">
      <file name="/home/srv/packages/schenke-io/laravel-auth-router/src/LoginProviders/AmazonProvider.php">
        <class name="SchenkeIo\LaravelAuthRouter\LoginProviders\AmazonProvider" namespace="SchenkeIo\LaravelAuthRouter\LoginProviders">
          <metrics complexity="0" methods="0" coveredmethods="0" conditionals="0" coveredconditionals="0" statements="0" coveredstatements="0" elements="0" coveredelements="0"/>
        </class>
        <metrics loc="13" ncloc="6" classes="0" methods="0" coveredmethods="0" conditionals="0" coveredconditionals="0" statements="0" coveredstatements="0" elements="0" coveredelements="0"/>
      </file>
      <file name="/home/srv/packages/schenke-io/laravel-auth-router/src/LoginProviders/AppleProvider.php">
        <class name="SchenkeIo\LaravelAuthRouter\LoginProviders\AppleProvider" namespace="SchenkeIo\LaravelAuthRouter\LoginProviders">
          <metrics complexity="11" methods="7" coveredmethods="7" conditionals="0" coveredconditionals="0" statements="51" coveredstatements="51" elements="58" coveredelements="58"/>
        </class>
        <line num="33" type="method" name="env" visibility="public" complexity="1" crap="1" count="172"/>
        <line num="35" type="stmt" count="172"/>
        <line num="37" type="stmt" count="172"/>
        <line num="38" type="stmt" count="172"/>
        <line num="39" type="stmt" count="172"/>
        <line num="40" type="stmt" count="172"/>
        <line num="41" type="stmt" count="172"/>
        <line num="42" type="stmt" count="172"/>
        <line num="45" type="method" name="isSocial" visibility="public" complexity="1" crap="1" count="172"/>
        <line num="47" type="stmt" count="172"/>
        <line num="50" type="method" name="login" visibility="public" complexity="2" crap="2" count="2"/>
        <line num="53" type="stmt" count="2"/>
        <line num="54" type="stmt" count="1"/>
        <line num="55" type="stmt" count="1"/>
        <line num="62" type="method" name="registerRoutes" visibility="public" complexity="1" crap="1" count="9"/>
        <line num="64" type="stmt" count="9"/>
        <line num="66" type="stmt" count="9"/>
        <line num="67" type="stmt" count="9"/>
        <line num="69" type="stmt" count="9"/>
        <line num="70" type="stmt" count="9"/>
        <line num="71" type="stmt" count="9"/>
        <line num="73" type="stmt" count="9"/>
        <line num="74" type="stmt" count="9"/>
        <line num="75" type="stmt" count="9"/>
        <line num="81" type="method" name="beforeRequest" visibility="protected" complexity="1" crap="1" count="5"/>
        <line num="83" type="stmt" count="5"/>
        <line num="85" type="stmt" count="5"/>
        <line num="86" type="stmt" count="5"/>
        <line num="87" type="stmt" count="5"/>
        <line num="88" type="stmt" count="5"/>
        <line num="89" type="stmt" count="5"/>
        <line num="90" type="stmt" count="5"/>
        <line num="92" type="stmt" count="3"/>
        <line num="98" type="method" name="callback" visibility="public" complexity="4" crap="4" count="4"/>
        <line num="100" type="stmt" count="4"/>
        <line num="101" type="stmt" count="1"/>
        <line num="102" type="stmt" count="1"/>
        <line num="103" type="stmt" count="1"/>
        <line num="104" type="stmt" count="1"/>
        <line num="105" type="stmt" count="1"/>
        <line num="106" type="stmt" count="1"/>
        <line num="108" type="stmt" count="1"/>
        <line num="109" type="stmt" count="1"/>
        <line num="110" type="stmt" count="1"/>
        <line num="111" type="stmt" count="1"/>
        <line num="112" type="stmt" count="1"/>
        <line num="116" type="stmt" count="3"/>
        <line num="118" type="stmt" count="2"/>
        <line num="120" type="stmt" count="2"/>
        <line num="122" type="stmt" count="1"/>
        <line num="125" type="stmt" count="1"/>
        <line num="128" type="stmt" count="2"/>
        <line num="129" type="stmt" count="2"/>
        <line num="130" type="stmt" count="1"/>
        <line num="131" type="stmt" count="1"/>
        <line num="138" type="method" name="webhook" visibility="public" complexity="1" crap="1" count="9"/>
        <line num="140" type="stmt" count="9"/>
        <line num="142" type="stmt" count="9"/>
        <metrics loc="145" ncloc="119" classes="1" methods="7" coveredmethods="7" conditionals="0" coveredconditionals="0" statements="51" coveredstatements="51" elements="58" coveredelements="58"/>
      </file>
      <file name="/home/srv/packages/schenke-io/laravel-auth-router/src/LoginProviders/Auth0Provider.php">
        <class name="SchenkeIo\LaravelAuthRouter\LoginProviders\Auth0Provider" namespace="SchenkeIo\LaravelAuthRouter\LoginProviders">
          <metrics complexity="10" methods="4" coveredmethods="4" conditionals="0" coveredconditionals="0" statements="29" coveredstatements="29" elements="33" coveredelements="33"/>
        </class>
        <line num="31" type="method" name="env" visibility="public" complexity="1" crap="1" count="172"/>
        <line num="33" type="stmt" count="172"/>
        <line num="34" type="stmt" count="172"/>
        <line num="35" type="stmt" count="172"/>
        <line num="36" type="stmt" count="172"/>
        <line num="37" type="stmt" count="172"/>
        <line num="38" type="stmt" count="172"/>
        <line num="41" type="method" name="isSocial" visibility="public" complexity="1" crap="1" count="1"/>
        <line num="43" type="stmt" count="1"/>
        <line num="51" type="method" name="login" visibility="public" complexity="1" crap="1" count="2"/>
        <line num="53" type="stmt" count="2"/>
        <line num="54" type="stmt" count="2"/>
        <line num="55" type="stmt" count="2"/>
        <line num="57" type="stmt" count="2"/>
        <line num="63" type="method" name="callback" visibility="public" complexity="7" crap="7" count="6"/>
        <line num="65" type="stmt" count="6"/>
        <line num="66" type="stmt" count="6"/>
        <line num="67" type="stmt" count="6"/>
        <line num="68" type="stmt" count="6"/>
        <line num="69" type="stmt" count="6"/>
        <line num="71" type="stmt" count="6"/>
        <line num="73" type="stmt" count="4"/>
        <line num="74" type="stmt" count="2"/>
        <line num="75" type="stmt" count="2"/>
        <line num="76" type="stmt" count="1"/>
        <line num="79" type="stmt" count="1"/>
        <line num="80" type="stmt" count="2"/>
        <line num="81" type="stmt" count="1"/>
        <line num="82" type="stmt" count="1"/>
        <line num="83" type="stmt" count="1"/>
        <line num="85" type="stmt" count="2"/>
        <line num="86" type="stmt" count="1"/>
        <line num="88" type="stmt" count="1"/>
        <metrics loc="92" ncloc="71" classes="1" methods="4" coveredmethods="4" conditionals="0" coveredconditionals="0" statements="29" coveredstatements="29" elements="33" coveredelements="33"/>
      </file>
      <file name="/home/srv/packages/schenke-io/laravel-auth-router/src/LoginProviders/CustomProvider.php">
        <class name="SchenkeIo\LaravelAuthRouter\LoginProviders\CustomProvider" namespace="SchenkeIo\LaravelAuthRouter\LoginProviders">
          <metrics complexity="0" methods="0" coveredmethods="0" conditionals="0" coveredconditionals="0" statements="0" coveredstatements="0" elements="0" coveredelements="0"/>
        </class>
        <metrics loc="12" ncloc="6" classes="0" methods="0" coveredmethods="0" conditionals="0" coveredconditionals="0" statements="0" coveredstatements="0" elements="0" coveredelements="0"/>
      </file>
      <file name="/home/srv/packages/schenke-io/laravel-auth-router/src/LoginProviders/FacebookProvider.php">
        <class name="SchenkeIo\LaravelAuthRouter\LoginProviders\FacebookProvider" namespace="SchenkeIo\LaravelAuthRouter\LoginProviders">
          <metrics complexity="0" methods="0" coveredmethods="0" conditionals="0" coveredconditionals="0" statements="0" coveredstatements="0" elements="0" coveredelements="0"/>
        </class>
        <metrics loc="13" ncloc="6" classes="0" methods="0" coveredmethods="0" conditionals="0" coveredconditionals="0" statements="0" coveredstatements="0" elements="0" coveredelements="0"/>
      </file>
      <file name="/home/srv/packages/schenke-io/laravel-auth-router/src/LoginProviders/GoogleProvider.php">
        <class name="SchenkeIo\LaravelAuthRouter\LoginProviders\GoogleProvider" namespace="SchenkeIo\LaravelAuthRouter\LoginProviders">
          <metrics complexity="0" methods="0" coveredmethods="0" conditionals="0" coveredconditionals="0" statements="0" coveredstatements="0" elements="0" coveredelements="0"/>
        </class>
        <metrics loc="13" ncloc="6" classes="0" methods="0" coveredmethods="0" conditionals="0" coveredconditionals="0" statements="0" coveredstatements="0" elements="0" coveredelements="0"/>
      </file>
      <file name="/home/srv/packages/schenke-io/laravel-auth-router/src/LoginProviders/LinkedinProvider.php">
        <class name="SchenkeIo\LaravelAuthRouter\LoginProviders\LinkedinProvider" namespace="SchenkeIo\LaravelAuthRouter\LoginProviders">
          <metrics complexity="3" methods="3" coveredmethods="3" conditionals="0" coveredconditionals="0" statements="3" coveredstatements="3" elements="6" coveredelements="6"/>
        </class>
        <line num="16" type="method" name="beforeRequest" visibility="protected" complexity="1" crap="1" count="2"/>
        <line num="18" type="stmt" count="2"/>
        <line num="21" type="method" name="getSocialiteDriverName" visibility="protected" complexity="1" crap="1" count="2"/>
        <line num="23" type="stmt" count="2"/>
        <line num="26" type="method" name="getScopes" visibility="protected" complexity="1" crap="1" count="1"/>
        <line num="28" type="stmt" count="1"/>
        <metrics loc="31" ncloc="24" classes="1" methods="3" coveredmethods="3" conditionals="0" coveredconditionals="0" statements="3" coveredstatements="3" elements="6" coveredelements="6"/>
      </file>
      <file name="/home/srv/packages/schenke-io/laravel-auth-router/src/LoginProviders/MicrosoftProvider.php">
        <class name="SchenkeIo\LaravelAuthRouter\LoginProviders\MicrosoftProvider" namespace="SchenkeIo\LaravelAuthRouter\LoginProviders">
          <metrics complexity="0" methods="0" coveredmethods="0" conditionals="0" coveredconditionals="0" statements="0" coveredstatements="0" elements="0" coveredelements="0"/>
        </class>
        <metrics loc="13" ncloc="6" classes="0" methods="0" coveredmethods="0" conditionals="0" coveredconditionals="0" statements="0" coveredstatements="0" elements="0" coveredelements="0"/>
      </file>
      <file name="/home/srv/packages/schenke-io/laravel-auth-router/src/LoginProviders/PasskeyProvider.php">
        <class name="SchenkeIo\LaravelAuthRouter\LoginProviders\PasskeyProvider" namespace="SchenkeIo\LaravelAuthRouter\LoginProviders">
          <metrics complexity="11" methods="4" coveredmethods="4" conditionals="0" coveredconditionals="0" statements="47" coveredstatements="47" elements="51" coveredelements="51"/>
        </class>
        <line num="22" type="method" name="env" visibility="public" complexity="1" crap="1" count="7"/>
        <line num="24" type="stmt" count="7"/>
        <line num="27" type="method" name="isSocial" visibility="public" complexity="1" crap="1" count="7"/>
        <line num="29" type="stmt" count="7"/>
        <line num="32" type="method" name="login" visibility="public" complexity="7" crap="7" count="5"/>
        <line num="34" type="stmt" count="5"/>
        <line num="35" type="stmt" count="5"/>
        <line num="36" type="stmt" count="5"/>
        <line num="37" type="stmt" count="5"/>
        <line num="39" type="stmt" count="5"/>
        <line num="40" type="stmt" count="4"/>
        <line num="42" type="stmt" count="2"/>
        <line num="43" type="stmt" count="2"/>
        <line num="45" type="stmt" count="2"/>
        <line num="47" type="stmt" count="1"/>
        <line num="48" type="stmt" count="1"/>
        <line num="49" type="stmt" count="1"/>
        <line num="50" type="stmt" count="1"/>
        <line num="51" type="stmt" count="1"/>
        <line num="52" type="stmt" count="1"/>
        <line num="53" type="stmt" count="1"/>
        <line num="55" type="stmt" count="1"/>
        <line num="56" type="stmt" count="1"/>
        <line num="57" type="stmt" count="1"/>
        <line num="61" type="stmt" count="2"/>
        <line num="63" type="stmt" count="2"/>
        <line num="64" type="stmt" count="1"/>
        <line num="65" type="stmt" count="1"/>
        <line num="66" type="stmt" count="1"/>
        <line num="69" type="stmt" count="1"/>
        <line num="70" type="stmt" count="1"/>
        <line num="73" type="stmt" count="1"/>
        <line num="74" type="stmt" count="1"/>
        <line num="76" type="stmt" count="1"/>
        <line num="81" type="stmt" count="2"/>
        <line num="82" type="stmt" count="2"/>
        <line num="83" type="stmt" count="2"/>
        <line num="84" type="stmt" count="2"/>
        <line num="85" type="stmt" count="2"/>
        <line num="86" type="stmt" count="2"/>
        <line num="87" type="stmt" count="2"/>
        <line num="90" type="method" name="callback" visibility="public" complexity="2" crap="2" count="2"/>
        <line num="94" type="stmt" count="2"/>
        <line num="95" type="stmt" count="2"/>
        <line num="96" type="stmt" count="1"/>
        <line num="99" type="stmt" count="1"/>
        <line num="100" type="stmt" count="1"/>
        <line num="101" type="stmt" count="1"/>
        <line num="102" type="stmt" count="1"/>
        <line num="103" type="stmt" count="1"/>
        <line num="105" type="stmt" count="1"/>
        <metrics loc="108" ncloc="95" classes="1" methods="4" coveredmethods="4" conditionals="0" coveredconditionals="0" statements="47" coveredstatements="47" elements="51" coveredelements="51"/>
      </file>
      <file name="/home/srv/packages/schenke-io/laravel-auth-router/src/LoginProviders/PaypalProvider.php">
        <class name="SchenkeIo\LaravelAuthRouter\LoginProviders\PaypalProvider" namespace="SchenkeIo\LaravelAuthRouter\LoginProviders">
          <metrics complexity="0" methods="0" coveredmethods="0" conditionals="0" coveredconditionals="0" statements="0" coveredstatements="0" elements="0" coveredelements="0"/>
        </class>
        <metrics loc="13" ncloc="6" classes="0" methods="0" coveredmethods="0" conditionals="0" coveredconditionals="0" statements="0" coveredstatements="0" elements="0" coveredelements="0"/>
      </file>
      <file name="/home/srv/packages/schenke-io/laravel-auth-router/src/LoginProviders/SocialiteProvider.php">
        <class name="SchenkeIo\LaravelAuthRouter\LoginProviders\SocialiteProvider" namespace="SchenkeIo\LaravelAuthRouter\LoginProviders">
          <metrics complexity="16" methods="8" coveredmethods="7" conditionals="0" coveredconditionals="0" statements="43" coveredstatements="42" elements="51" coveredelements="49"/>
        </class>
        <line num="23" type="method" name="__construct" visibility="public" complexity="1" crap="1" count="172"/>
        <line num="25" type="stmt" count="172"/>
        <line num="26" type="stmt" count="172"/>
        <line num="35" type="method" name="env" visibility="public" complexity="1" crap="1" count="172"/>
        <line num="37" type="stmt" count="172"/>
        <line num="39" type="stmt" count="172"/>
        <line num="40" type="stmt" count="172"/>
        <line num="41" type="stmt" count="172"/>
        <line num="42" type="stmt" count="172"/>
        <line num="45" type="method" name="isSocial" visibility="public" complexity="1" crap="1" count="172"/>
        <line num="47" type="stmt" count="172"/>
        <line num="50" type="method" name="login" visibility="public" complexity="3" crap="3" count="8"/>
        <line num="52" type="stmt" count="8"/>
        <line num="54" type="stmt" count="7"/>
        <line num="56" type="stmt" count="7"/>
        <line num="57" type="stmt" count="7"/>
        <line num="58" type="stmt" count="1"/>
        <line num="61" type="stmt" count="7"/>
        <line num="62" type="stmt" count="1"/>
        <line num="64" type="stmt" count="6"/>
        <line num="71" type="method" name="callback" visibility="public" complexity="7" crap="7" count="8"/>
        <line num="73" type="stmt" count="8"/>
        <line num="74" type="stmt" count="0"/>
        <line num="77" type="stmt" count="8"/>
        <line num="78" type="stmt" count="1"/>
        <line num="79" type="stmt" count="1"/>
        <line num="80" type="stmt" count="1"/>
        <line num="81" type="stmt" count="1"/>
        <line num="82" type="stmt" count="1"/>
        <line num="83" type="stmt" count="1"/>
        <line num="85" type="stmt" count="1"/>
        <line num="86" type="stmt" count="1"/>
        <line num="87" type="stmt" count="1"/>
        <line num="88" type="stmt" count="1"/>
        <line num="89" type="stmt" count="1"/>
        <line num="93" type="stmt" count="7"/>
        <line num="95" type="stmt" count="7"/>
        <line num="97" type="stmt" count="7"/>
        <line num="98" type="stmt" count="2"/>
        <line num="101" type="stmt" count="5"/>
        <line num="102" type="stmt" count="1"/>
        <line num="104" type="stmt" count="4"/>
        <line num="107" type="stmt" count="4"/>
        <line num="108" type="stmt" count="1"/>
        <line num="109" type="stmt" count="1"/>
        <line num="116" type="method" name="beforeRequest" visibility="protected" complexity="1" crap="1" count="10"/>
        <line num="121" type="method" name="getScopes" visibility="protected" complexity="1" crap="1" count="6"/>
        <line num="123" type="stmt" count="6"/>
        <line num="126" type="method" name="getSocialiteDriverName" visibility="protected" complexity="1" crap="1" count="11"/>
        <line num="128" type="stmt" count="11"/>
        <metrics loc="131" ncloc="111" classes="1" methods="8" coveredmethods="7" conditionals="0" coveredconditionals="0" statements="43" coveredstatements="42" elements="51" coveredelements="49"/>
      </file>
      <file name="/home/srv/packages/schenke-io/laravel-auth-router/src/LoginProviders/StripeProvider.php">
        <class name="SchenkeIo\LaravelAuthRouter\LoginProviders\StripeProvider" namespace="SchenkeIo\LaravelAuthRouter\LoginProviders">
          <metrics complexity="0" methods="0" coveredmethods="0" conditionals="0" coveredconditionals="0" statements="0" coveredstatements="0" elements="0" coveredelements="0"/>
        </class>
        <metrics loc="13" ncloc="6" classes="0" methods="0" coveredmethods="0" conditionals="0" coveredconditionals="0" statements="0" coveredstatements="0" elements="0" coveredelements="0"/>
      </file>
      <file name="/home/srv/packages/schenke-io/laravel-auth-router/src/LoginProviders/UnknownBaseProvider.php">
        <class name="SchenkeIo\LaravelAuthRouter\LoginProviders\UnknownBaseProvider" namespace="SchenkeIo\LaravelAuthRouter\LoginProviders">
          <metrics complexity="4" methods="4" coveredmethods="4" conditionals="0" coveredconditionals="0" statements="4" coveredstatements="4" elements="8" coveredelements="8"/>
        </class>
        <line num="20" type="method" name="env" visibility="public" complexity="1" crap="1" count="1"/>
        <line num="22" type="stmt" count="1"/>
        <line num="25" type="method" name="isSocial" visibility="public" complexity="1" crap="1" count="172"/>
        <line num="27" type="stmt" count="172"/>
        <line num="33" type="method" name="login" visibility="public" complexity="1" crap="1" count="1"/>
        <line num="35" type="stmt" count="1"/>
        <line num="41" type="method" name="callback" visibility="public" complexity="1" crap="1" count="1"/>
        <line num="43" type="stmt" count="1"/>
        <metrics loc="46" ncloc="31" classes="1" methods="4" coveredmethods="4" conditionals="0" coveredconditionals="0" statements="4" coveredstatements="4" elements="8" coveredelements="8"/>
      </file>
      <file name="/home/srv/packages/schenke-io/laravel-auth-router/src/LoginProviders/WhatsappProvider.php">
        <class name="SchenkeIo\LaravelAuthRouter\LoginProviders\WhatsappProvider" namespace="SchenkeIo\LaravelAuthRouter\LoginProviders">
          <metrics complexity="10" methods="4" coveredmethods="4" conditionals="0" coveredconditionals="0" statements="40" coveredstatements="40" elements="44" coveredelements="44"/>
        </class>
        <line num="24" type="method" name="env" visibility="public" complexity="1" crap="1" count="172"/>
        <line num="26" type="stmt" count="172"/>
        <line num="27" type="stmt" count="172"/>
        <line num="28" type="stmt" count="172"/>
        <line num="29" type="stmt" count="172"/>
        <line num="32" type="method" name="isSocial" visibility="public" complexity="1" crap="1" count="172"/>
        <line num="34" type="stmt" count="172"/>
        <line num="37" type="method" name="login" visibility="public" complexity="6" crap="6" count="5"/>
        <line num="39" type="stmt" count="5"/>
        <line num="40" type="stmt" count="5"/>
        <line num="41" type="stmt" count="4"/>
        <line num="42" type="stmt" count="4"/>
        <line num="43" type="stmt" count="1"/>
        <line num="44" type="stmt" count="1"/>
        <line num="45" type="stmt" count="1"/>
        <line num="49" type="stmt" count="3"/>
        <line num="50" type="stmt" count="3"/>
        <line num="51" type="stmt" count="2"/>
        <line num="52" type="stmt" count="2"/>
        <line num="53" type="stmt" count="1"/>
        <line num="54" type="stmt" count="1"/>
        <line num="55" type="stmt" count="1"/>
        <line num="58" type="stmt" count="1"/>
        <line num="59" type="stmt" count="1"/>
        <line num="60" type="stmt" count="1"/>
        <line num="65" type="stmt" count="1"/>
        <line num="66" type="stmt" count="1"/>
        <line num="67" type="stmt" count="1"/>
        <line num="68" type="stmt" count="1"/>
        <line num="71" type="stmt" count="1"/>
        <line num="72" type="stmt" count="1"/>
        <line num="73" type="stmt" count="1"/>
        <line num="74" type="stmt" count="1"/>
        <line num="75" type="stmt" count="1"/>
        <line num="78" type="method" name="callback" visibility="public" complexity="2" crap="2" count="2"/>
        <line num="80" type="stmt" count="2"/>
        <line num="82" type="stmt" count="2"/>
        <line num="83" type="stmt" count="1"/>
        <line num="86" type="stmt" count="1"/>
        <line num="87" type="stmt" count="1"/>
        <line num="88" type="stmt" count="1"/>
        <line num="89" type="stmt" count="1"/>
        <line num="90" type="stmt" count="1"/>
        <line num="92" type="stmt" count="1"/>
        <metrics loc="95" ncloc="84" classes="1" methods="4" coveredmethods="4" conditionals="0" coveredconditionals="0" statements="40" coveredstatements="40" elements="44" coveredelements="44"/>
      </file>
      <file name="/home/srv/packages/schenke-io/laravel-auth-router/src/LoginProviders/WorkosProvider.php">
        <class name="SchenkeIo\LaravelAuthRouter\LoginProviders\WorkosProvider" namespace="SchenkeIo\LaravelAuthRouter\LoginProviders">
          <metrics complexity="6" methods="4" coveredmethods="4" conditionals="0" coveredconditionals="0" statements="31" coveredstatements="31" elements="35" coveredelements="35"/>
        </class>
        <line num="22" type="method" name="env" visibility="public" complexity="1" crap="1" count="5"/>
        <line num="24" type="stmt" count="5"/>
        <line num="25" type="stmt" count="5"/>
        <line num="26" type="stmt" count="5"/>
        <line num="27" type="stmt" count="5"/>
        <line num="28" type="stmt" count="5"/>
        <line num="31" type="method" name="isSocial" visibility="public" complexity="1" crap="1" count="1"/>
        <line num="33" type="stmt" count="1"/>
        <line num="36" type="method" name="login" visibility="public" complexity="1" crap="1" count="1"/>
        <line num="38" type="stmt" count="1"/>
        <line num="39" type="stmt" count="1"/>
        <line num="40" type="stmt" count="1"/>
        <line num="42" type="stmt" count="1"/>
        <line num="43" type="stmt" count="1"/>
        <line num="44" type="stmt" count="1"/>
        <line num="45" type="stmt" count="1"/>
        <line num="46" type="stmt" count="1"/>
        <line num="47" type="stmt" count="1"/>
        <line num="48" type="stmt" count="1"/>
        <line num="49" type="stmt" count="1"/>
        <line num="50" type="stmt" count="1"/>
        <line num="52" type="stmt" count="1"/>
        <line num="55" type="method" name="callback" visibility="public" complexity="3" crap="3" count="3"/>
        <line num="57" type="stmt" count="3"/>
        <line num="58" type="stmt" count="3"/>
        <line num="59" type="stmt" count="3"/>
        <line num="60" type="stmt" count="1"/>
        <line num="64" type="stmt" count="2"/>
        <line num="65" type="stmt" count="2"/>
        <line num="66" type="stmt" count="2"/>
        <line num="67" type="stmt" count="2"/>
        <line num="68" type="stmt" count="2"/>
        <line num="70" type="stmt" count="1"/>
        <line num="71" type="stmt" count="1"/>
        <line num="72" type="stmt" count="1"/>
        <metrics loc="76" ncloc="63" classes="1" methods="4" coveredmethods="4" conditionals="0" coveredconditionals="0" statements="31" coveredstatements="31" elements="35" coveredelements="35"/>
      </file>
    </package>
    <package name="SchenkeIo\LaravelAuthRouter\Mail">
      <file name="/home/srv/packages/schenke-io/laravel-auth-router/src/Mail/DefaultPasskeyMailer.php">
        <class name="SchenkeIo\LaravelAuthRouter\Mail\DefaultPasskeyMailer" namespace="SchenkeIo\LaravelAuthRouter\Mail">
          <metrics complexity="4" methods="4" coveredmethods="4" conditionals="0" coveredconditionals="0" statements="8" coveredstatements="8" elements="12" coveredelements="12"/>
        </class>
        <line num="16" type="method" name="__construct" visibility="public" complexity="1" crap="1" count="4"/>
        <line num="18" type="method" name="envelope" visibility="public" complexity="1" crap="1" count="1"/>
        <line num="20" type="stmt" count="1"/>
        <line num="21" type="stmt" count="1"/>
        <line num="22" type="stmt" count="1"/>
        <line num="25" type="method" name="content" visibility="public" complexity="1" crap="1" count="1"/>
        <line num="27" type="stmt" count="1"/>
        <line num="28" type="stmt" count="1"/>
        <line num="29" type="stmt" count="1"/>
        <line num="32" type="method" name="sendMail" visibility="public" complexity="1" crap="1" count="1"/>
        <line num="34" type="stmt" count="1"/>
        <metrics loc="39" ncloc="37" classes="1" methods="4" coveredmethods="4" conditionals="0" coveredconditionals="0" statements="8" coveredstatements="8" elements="12" coveredelements="12"/>
      </file>
    </package>
    <package name="SchenkeIo\LaravelAuthRouter\Services">
      <file name="/home/srv/packages/schenke-io/laravel-auth-router/src/Services/AppleAuthService.php">
        <class name="SchenkeIo\LaravelAuthRouter\Services\AppleAuthService" namespace="SchenkeIo\LaravelAuthRouter\Services">
          <metrics complexity="19" methods="3" coveredmethods="3" conditionals="0" coveredconditionals="0" statements="56" coveredstatements="56" elements="59" coveredelements="59"/>
        </class>
        <line num="24" type="method" name="handleServerNotification" visibility="public" complexity="11" crap="11" count="12"/>
        <line num="27" type="stmt" count="12"/>
        <line num="29" type="stmt" count="12"/>
        <line num="30" type="stmt" count="1"/>
        <line num="36" type="stmt" count="11"/>
        <line num="38" type="stmt" count="9"/>
        <line num="39" type="stmt" count="9"/>
        <line num="40" type="stmt" count="9"/>
        <line num="41" type="stmt" count="9"/>
        <line num="43" type="stmt" count="9"/>
        <line num="44" type="stmt" count="9"/>
        <line num="45" type="stmt" count="9"/>
        <line num="46" type="stmt" count="1"/>
        <line num="50" type="stmt" count="8"/>
        <line num="52" type="stmt" count="8"/>
        <line num="54" type="stmt" count="8"/>
        <line num="55" type="stmt" count="5"/>
        <line num="58" type="stmt" count="3"/>
        <line num="61" type="stmt" count="8"/>
        <line num="62" type="stmt" count="1"/>
        <line num="66" type="stmt" count="7"/>
        <line num="69" type="stmt" count="5"/>
        <line num="70" type="stmt" count="3"/>
        <line num="71" type="stmt" count="2"/>
        <line num="72" type="stmt" count="1"/>
        <line num="74" type="stmt" count="1"/>
        <line num="76" type="stmt" count="5"/>
        <line num="78" type="stmt" count="4"/>
        <line num="80" type="stmt" count="4"/>
        <line num="83" type="stmt" count="7"/>
        <line num="85" type="stmt" count="2"/>
        <line num="86" type="stmt" count="2"/>
        <line num="93" type="method" name="handleAppleCallback" visibility="public" complexity="7" crap="7" count="10"/>
        <line num="95" type="stmt" count="10"/>
        <line num="96" type="stmt" count="10"/>
        <line num="98" type="stmt" count="10"/>
        <line num="99" type="stmt" count="1"/>
        <line num="103" type="stmt" count="9"/>
        <line num="105" type="stmt" count="9"/>
        <line num="108" type="stmt" count="9"/>
        <line num="109" type="stmt" count="6"/>
        <line num="111" type="stmt" count="3"/>
        <line num="114" type="stmt" count="9"/>
        <line num="115" type="stmt" count="5"/>
        <line num="121" type="stmt" count="4"/>
        <line num="122" type="stmt" count="4"/>
        <line num="123" type="stmt" count="3"/>
        <line num="124" type="stmt" count="3"/>
        <line num="126" type="stmt" count="3"/>
        <line num="127" type="stmt" count="3"/>
        <line num="131" type="stmt" count="1"/>
        <line num="133" type="stmt" count="1"/>
        <line num="135" type="stmt" count="1"/>
        <line num="137" type="stmt" count="4"/>
        <line num="139" type="stmt" count="4"/>
        <line num="147" type="method" name="decodeAppleToken" visibility="private" complexity="1" crap="1" count="11"/>
        <line num="149" type="stmt" count="11"/>
        <line num="152" type="stmt" count="11"/>
        <line num="154" type="stmt" count="9"/>
        <metrics loc="157" ncloc="120" classes="1" methods="3" coveredmethods="3" conditionals="0" coveredconditionals="0" statements="56" coveredstatements="56" elements="59" coveredelements="59"/>
      </file>
      <file name="/home/srv/packages/schenke-io/laravel-auth-router/src/Services/AppleTokenGenerator.php">
        <class name="SchenkeIo\LaravelAuthRouter\Services\AppleTokenGenerator" namespace="SchenkeIo\LaravelAuthRouter\Services">
          <metrics complexity="8" methods="1" coveredmethods="1" conditionals="0" coveredconditionals="0" statements="29" coveredstatements="29" elements="30" coveredelements="30"/>
        </class>
        <line num="28" type="method" name="generate" visibility="public" complexity="8" crap="8" count="10"/>
        <line num="30" type="stmt" count="10"/>
        <line num="31" type="stmt" count="3"/>
        <line num="33" type="stmt" count="7"/>
        <line num="34" type="stmt" count="1"/>
        <line num="36" type="stmt" count="6"/>
        <line num="37" type="stmt" count="1"/>
        <line num="40" type="stmt" count="5"/>
        <line num="41" type="stmt" count="3"/>
        <line num="42" type="stmt" count="1"/>
        <line num="44" type="stmt" count="2"/>
        <line num="45" type="stmt" count="1"/>
        <line num="47" type="stmt" count="1"/>
        <line num="50" type="stmt" count="3"/>
        <line num="51" type="stmt" count="1"/>
        <line num="58" type="stmt" count="2"/>
        <line num="59" type="stmt" count="2"/>
        <line num="60" type="stmt" count="2"/>
        <line num="61" type="stmt" count="2"/>
        <line num="62" type="stmt" count="2"/>
        <line num="64" type="stmt" count="2"/>
        <line num="66" type="stmt" count="2"/>
        <line num="67" type="stmt" count="2"/>
        <line num="68" type="stmt" count="2"/>
        <line num="69" type="stmt" count="2"/>
        <line num="70" type="stmt" count="2"/>
        <line num="71" type="stmt" count="2"/>
        <line num="72" type="stmt" count="2"/>
        <line num="73" type="stmt" count="2"/>
        <line num="74" type="stmt" count="2"/>
        <metrics loc="77" ncloc="58" classes="1" methods="1" coveredmethods="1" conditionals="0" coveredconditionals="0" statements="29" coveredstatements="29" elements="30" coveredelements="30"/>
      </file>
    </package>
    <package name="SchenkeIo\LaravelAuthRouter\Traits">
      <file name="/home/srv/packages/schenke-io/laravel-auth-router/src/Traits/InteractsWithAuthRouter.php">
        <class name="SchenkeIo\LaravelAuthRouter\Traits\InteractsWithAuthRouter" namespace="SchenkeIo\LaravelAuthRouter\Traits">
          <metrics complexity="5" methods="5" coveredmethods="5" conditionals="0" coveredconditionals="0" statements="5" coveredstatements="5" elements="10" coveredelements="10"/>
        </class>
        <line num="9" type="method" name="setName" visibility="public" complexity="1" crap="1" count="16"/>
        <line num="11" type="stmt" count="16"/>
        <line num="14" type="method" name="setEmail" visibility="public" complexity="1" crap="1" count="16"/>
        <line num="16" type="stmt" count="16"/>
        <line num="19" type="method" name="setAvatar" visibility="public" complexity="1" crap="1" count="12"/>
        <line num="21" type="stmt" count="12"/>
        <line num="24" type="method" name="setEmailVerifiedAt" visibility="public" complexity="1" crap="1" count="3"/>
        <line num="26" type="stmt" count="3"/>
        <line num="29" type="method" name="findByEmail" visibility="public" complexity="1" crap="1" count="23"/>
        <line num="32" type="stmt" count="23"/>
        <metrics loc="35" ncloc="34" classes="1" methods="5" coveredmethods="5" conditionals="0" coveredconditionals="0" statements="5" coveredstatements="5" elements="10" coveredelements="10"/>
      </file>
    </package>
    <metrics files="35" loc="2394" ncloc="1820" classes="24" methods="105" coveredmethods="104" conditionals="0" coveredconditionals="0" statements="664" coveredstatements="663" elements="769" coveredelements="767"/>
  </project>
</coverage>
